#
# There is insufficient memory for the Java Runtime Environment to continue.
# Native memory allocation (mmap) failed to map 132120576 bytes for Failed to commit area from 0x0000000082400000 to 0x000000008a200000 of length 132120576.
# Possible reasons:
#   The system is out of physical RAM or swap space
#   The process is running with CompressedOops enabled, and the Java Heap may be blocking the growth of the native heap
# Possible solutions:
#   Reduce memory load on the system
#   Increase physical memory or swap space
#   Check if swap backing store is full
#   Decrease Java heap size (-Xmx/-Xms)
#   Decrease number of Java threads
#   Decrease Java thread stack sizes (-Xss)
#   Set larger code cache with -XX:ReservedCodeCacheSize=
# This output file may be truncated or incomplete.
#
#  Out of Memory Error (t:/workspace/open/src/hotspot/os/windows/os_windows.cpp:3274), pid=15052, tid=5320
#
# JRE version:  (11.0.5+10) (build )
# Java VM: Java HotSpot(TM) 64-Bit Server VM (11.0.5+10-LTS, mixed mode, aot, sharing, tiered, compressed oops, g1 gc, windows-amd64)
# No core dump will be written. Minidumps are not enabled by default on client versions of Windows
#

---------------  S U M M A R Y ------------

Command Line: -Xverify:none -XX:TieredStopAtLevel=1 application.SBApplication

Host: Intel(R) Core(TM) i5-6300U CPU @ 2.40GHz, 4 cores, 7G,  Windows 10 , 64 bit Build 18362 (10.0.18362.959)
Time: Wed Aug 26 15:31:08 2020 India Standard Time elapsed time: 0 seconds (0d 0h 0m 0s)

---------------  T H R E A D  ---------------

Current thread (0x00000217bcb94800):  JavaThread "Unknown thread" [_thread_in_vm, id=5320, stack(0x000000abaec00000,0x000000abaed00000)]

Stack: [0x000000abaec00000,0x000000abaed00000]
Native frames: (J=compiled Java code, j=interpreted, Vv=VM code, C=native code)
V  [jvm.dll+0x63611a]
V  [jvm.dll+0x77426f]
V  [jvm.dll+0x77591a]
V  [jvm.dll+0x775fd3]
V  [jvm.dll+0x25e608]
V  [jvm.dll+0x6335ca]
V  [jvm.dll+0x627f85]
V  [jvm.dll+0x314ecc]
V  [jvm.dll+0x314d52]
V  [jvm.dll+0x31a5c6]
V  [jvm.dll+0x3666bf]
V  [jvm.dll+0x3660e0]
V  [jvm.dll+0x2f1c48]
V  [jvm.dll+0x2f2db6]
V  [jvm.dll+0x74d437]
V  [jvm.dll+0x74ebaf]
V  [jvm.dll+0x3734f9]
V  [jvm.dll+0x733ae9]
V  [jvm.dll+0x3e2e1d]
V  [jvm.dll+0x3e51e1]
C  [java.exe+0x3607]
C  [java.exe+0x178dc]
C  [KERNEL32.DLL+0x17bd4]
C  [ntdll.dll+0x6ce51]


---------------  P R O C E S S  ---------------

Threads class SMR info:
_java_thread_list=0x00000217baaedfc0, length=0, elements={
}

Java Threads: ( => current thread )

Other Threads:
  0x00000217bcbab800 GCTaskThread "GC Thread#0" [stack: 0x000000abaed00000,0x000000abaee00000] [id=8828]
  0x00000217bcbdc000 ConcurrentGCThread "G1 Main Marker" [stack: 0x000000abaee00000,0x000000abaef00000] [id=4680]
  0x00000217bcbde800 ConcurrentGCThread "G1 Conc#0" [stack: 0x000000abaef00000,0x000000abaf000000] [id=1212]

[error occurred during error reporting (printing all threads), id 0xc0000005, EXCEPTION_ACCESS_VIOLATION (0xc0000005) at pc=0x00007ff887ad0617]

VM state:not at safepoint (not fully initialized)

VM Mutex/Monitor currently owned by a thread:  ([mutex/lock_event])
[0x00000217bcb93ba0] Heap_lock - owner thread: 0x00000217bcb94800

Heap address: 0x0000000082400000, size: 2012 MB, Compressed Oops mode: Non-zero based: 0x0000000082400000
Narrow klass base: 0x0000000000000000, Narrow klass shift: 0

GC Heap History (0 events):
No events

Deoptimization events (0 events):
No events

Classes redefined (0 events):
No events

Internal exceptions (0 events):
No events

Events (0 events):
No events


Dynamic libraries:
0x00007ff682ae0000 - 0x00007ff682b27000 	C:\Program Files\Java\jdk-11.0.5\bin\java.exe
0x00007ff8d5bc0000 - 0x00007ff8d5db0000 	C:\WINDOWS\SYSTEM32\ntdll.dll
0x00007ff8d43f0000 - 0x00007ff8d44a2000 	C:\WINDOWS\System32\KERNEL32.DLL
0x00007ff8d39c0000 - 0x00007ff8d3c64000 	C:\WINDOWS\System32\KERNELBASE.dll
0x00007ff8d3c70000 - 0x00007ff8d3d13000 	C:\WINDOWS\System32\ADVAPI32.dll
0x00007ff8d48c0000 - 0x00007ff8d495e000 	C:\WINDOWS\System32\msvcrt.dll
0x00007ff8d54a0000 - 0x00007ff8d5537000 	C:\WINDOWS\System32\sechost.dll
0x00007ff8d5790000 - 0x00007ff8d58b0000 	C:\WINDOWS\System32\RPCRT4.dll
0x00007ff8d58b0000 - 0x00007ff8d5a45000 	C:\WINDOWS\System32\USER32.dll
0x00007ff8d2db0000 - 0x00007ff8d2dd1000 	C:\WINDOWS\System32\win32u.dll
0x00007ff8d4ca0000 - 0x00007ff8d4cc6000 	C:\WINDOWS\System32\GDI32.dll
0x00007ff8d2b40000 - 0x00007ff8d2cd6000 	C:\WINDOWS\System32\gdi32full.dll
0x00007ff8d38f0000 - 0x00007ff8d398e000 	C:\WINDOWS\System32\msvcp_win.dll
0x00007ff8d2de0000 - 0x00007ff8d2eda000 	C:\WINDOWS\System32\ucrtbase.dll
0x00007ff8bc580000 - 0x00007ff8bc804000 	C:\WINDOWS\WinSxS\amd64_microsoft.windows.common-controls_6595b64144ccf1df_6.0.18362.1016_none_9e7a36bbe461dae4\COMCTL32.dll
0x00007ff8d4960000 - 0x00007ff8d4c95000 	C:\WINDOWS\System32\combase.dll
0x00007ff8caf80000 - 0x00007ff8caf8a000 	C:\WINDOWS\SYSTEM32\VERSION.dll
0x00007ff8d2d30000 - 0x00007ff8d2db0000 	C:\WINDOWS\System32\bcryptPrimitives.dll
0x00007ff8d4890000 - 0x00007ff8d48be000 	C:\WINDOWS\System32\IMM32.DLL
0x00007ff8b8d70000 - 0x00007ff8b8d86000 	C:\Program Files\Java\jdk-11.0.5\bin\vcruntime140.dll
0x00007ff88e850000 - 0x00007ff88e8fa000 	C:\Program Files\Java\jdk-11.0.5\bin\msvcp140.dll
0x00007ff8877d0000 - 0x00007ff8882f8000 	C:\Program Files\Java\jdk-11.0.5\bin\server\jvm.dll
0x00007ff8b9f40000 - 0x00007ff8b9f49000 	C:\WINDOWS\SYSTEM32\WSOCK32.dll
0x00007ff8d5540000 - 0x00007ff8d55af000 	C:\WINDOWS\System32\WS2_32.dll
0x00007ff8d4880000 - 0x00007ff8d4888000 	C:\WINDOWS\System32\PSAPI.DLL
0x00007ff8c8370000 - 0x00007ff8c8394000 	C:\WINDOWS\SYSTEM32\WINMM.dll
0x00007ff8c81d0000 - 0x00007ff8c81fd000 	C:\WINDOWS\SYSTEM32\winmmbase.dll
0x00007ff8d2ce0000 - 0x00007ff8d2d2a000 	C:\WINDOWS\System32\cfgmgr32.dll
0x00007ff8d2ad0000 - 0x00007ff8d2ae1000 	C:\WINDOWS\System32\kernel.appcore.dll
0x00007ff8b4b90000 - 0x00007ff8b4ba1000 	C:\Program Files\Java\jdk-11.0.5\bin\verify.dll
0x00007ff8ca190000 - 0x00007ff8ca384000 	C:\WINDOWS\SYSTEM32\DBGHELP.DLL
0x00007ff8ca160000 - 0x00007ff8ca18a000 	C:\WINDOWS\SYSTEM32\dbgcore.DLL
0x00007ff8afda0000 - 0x00007ff8afdc9000 	C:\Program Files\Java\jdk-11.0.5\bin\java.dll
0x00007ff8adc50000 - 0x00007ff8adc66000 	C:\Program Files\Java\jdk-11.0.5\bin\zip.dll
0x00007ff8c6ea0000 - 0x00007ff8c6eaa000 	C:\Program Files\Java\jdk-11.0.5\bin\jimage.dll

dbghelp: loaded successfully - version: 4.0.5 - missing functions: none
symbol engine: initialized successfully - sym options: 0x614 - pdb path: .;C:\Program Files\Java\jdk-11.0.5\bin;C:\WINDOWS\SYSTEM32;C:\WINDOWS\WinSxS\amd64_microsoft.windows.common-controls_6595b64144ccf1df_6.0.18362.1016_none_9e7a36bbe461dae4;C:\Program Files\Java\jdk-11.0.5\bin\server

VM Arguments:
jvm_args: -Xverify:none -XX:TieredStopAtLevel=1 
java_command: application.SBApplication
java_class_path (initial): C:\Amol\DOCS\CTO\fabric-java-sdk-k8-secret-wallet\target\classes;C:\Users\AmolGhanekar\.m2\repository\org\springframework\boot\spring-boot-starter-web\2.2.1.RELEASE\spring-boot-starter-web-2.2.1.RELEASE.jar;C:\Users\AmolGhanekar\.m2\repository\org\springframework\boot\spring-boot-starter\2.2.1.RELEASE\spring-boot-starter-2.2.1.RELEASE.jar;C:\Users\AmolGhanekar\.m2\repository\org\springframework\boot\spring-boot-autoconfigure\2.2.1.RELEASE\spring-boot-autoconfigure-2.2.1.RELEASE.jar;C:\Users\AmolGhanekar\.m2\repository\org\springframework\boot\spring-boot-starter-logging\2.2.1.RELEASE\spring-boot-starter-logging-2.2.1.RELEASE.jar;C:\Users\AmolGhanekar\.m2\repository\ch\qos\logback\logback-classic\1.2.3\logback-classic-1.2.3.jar;C:\Users\AmolGhanekar\.m2\repository\ch\qos\logback\logback-core\1.2.3\logback-core-1.2.3.jar;C:\Users\AmolGhanekar\.m2\repository\org\apache\logging\log4j\log4j-to-slf4j\2.12.1\log4j-to-slf4j-2.12.1.jar;C:\Users\AmolGhanekar\.m2\repository\org\apache\logging\log4j\log4j-api\2.12.1\log4j-api-2.12.1.jar;C:\Users\AmolGhanekar\.m2\repository\org\slf4j\jul-to-slf4j\1.7.29\jul-to-slf4j-1.7.29.jar;C:\Users\AmolGhanekar\.m2\repository\jakarta\annotation\jakarta.annotation-api\1.3.5\jakarta.annotation-api-1.3.5.jar;C:\Users\AmolGhanekar\.m2\repository\org\yaml\snakeyaml\1.25\snakeyaml-1.25.jar;C:\Users\AmolGhanekar\.m2\repository\org\springframework\boot\spring-boot-starter-json\2.2.1.RELEASE\spring-boot-starter-json-2.2.1.RELEASE.jar;C:\Users\AmolGhanekar\.m2\repository\com\fasterxml\jackson\datatype\jackson-datatype-jdk8\2.10.0\jackson-datatype-jdk8-2.10.0.jar;C:\Users\AmolGhanekar\.m2\repository\com\fasterxml\jackson\module\jackson-module-parameter-names\2.10.0\jackson-module-parameter-names-2.10.0.jar;C:\Users\AmolGhanekar\.m2\repository\org\springframework\boot\spring-boot-starter-tomcat\2.2.1.RELEASE\spring-boot-starter-tomcat-2.2.1.RELEASE.jar;C:\Users\AmolGhanekar\.m2\repository\org\apache\tomcat\embed\tomcat-embed
Launcher Type: SUN_STANDARD

[Global flags]
     bool BytecodeVerificationLocal                = false                                     {product} {command line}
     bool BytecodeVerificationRemote               = false                                     {product} {command line}
     intx CICompilerCount                          = 3                                         {product} {ergonomic}
     uint ConcGCThreads                            = 1                                         {product} {ergonomic}
     uint G1ConcRefinementThreads                  = 4                                         {product} {ergonomic}
   size_t G1HeapRegionSize                         = 1048576                                   {product} {ergonomic}
    uintx GCDrainStackTargetSize                   = 64                                        {product} {ergonomic}
   size_t InitialHeapSize                          = 132120576                                 {product} {ergonomic}
   size_t MarkStackSize                            = 4194304                                   {product} {ergonomic}
   size_t MaxHeapSize                              = 2109734912                                {product} {ergonomic}
   size_t MinHeapDeltaBytes                        = 1048576                                   {product} {ergonomic}
    uintx NonNMethodCodeHeapSize                   = 6973028                                {pd product} {ergonomic}
    uintx NonProfiledCodeHeapSize                  = 244685212                              {pd product} {ergonomic}
    uintx ProfiledCodeHeapSize                     = 0                                      {pd product} {ergonomic}
    uintx ReservedCodeCacheSize                    = 251658240                              {pd product} {ergonomic}
     bool SegmentedCodeCache                       = true                                      {product} {ergonomic}
     intx TieredStopAtLevel                        = 1                                         {product} {command line}
     bool UseCompressedClassPointers               = true                                 {lp64_product} {ergonomic}
     bool UseCompressedOops                        = true                                 {lp64_product} {ergonomic}
     bool UseG1GC                                  = true                                      {product} {ergonomic}
     bool UseLargePagesIndividualAllocation        = false                                  {pd product} {ergonomic}

Logging:
Log output configuration:
 #0: stdout all=warning uptime,level,tags
 #1: stderr all=off uptime,level,tags

Environment Variables:
PATH=C:\windows\system32;C:\windows;C:\windows\System32\Wbem;C:\windows\System32\WindowsPowerShell\v1.0\;C:\windows\System32\OpenSSH\;C:\Program Files\Git\cmd;C:\Program Files\helm\windows-amd64;C:\Program Files\IBM\Cloud\bin;C:\Amol;C:\Program Files\PuTTY\;C:\Program Files (x86)\Intel\Intel(R) Management Engine Components\DAL;C:\Program Files\Intel\Intel(R) Management Engine Components\DAL;C:\Program Files\Intel\WiFi\bin\;C:\Program Files\Common Files\Intel\WirelessCommon\;C:\WINDOWS\system32;C:\WINDOWS;C:\WINDOWS\System32\Wbem;C:\WINDOWS\System32\WindowsPowerShell\v1.0\;C:\WINDOWS\System32\OpenSSH\;C:\Amol\DOCS\WNS\fabric-samples\bin;C:\Program Files\Java\jdk1.8.0_261\bin;C:\Go\bin;C:\Users\AmolGhanekar\AppData\Roaming\nvm;C:\Program Files\nodejs;C:\Program Files\Microsoft VS Code\bin;C:\Program Files (x86)\Certbot\bin;;C:\Program Files\Docker\Docker\resources\bin;C:\ProgramData\DockerDesktop\version-bin;C:\Users\AmolGhanekar\.windows-build-tools\python27\;C:\Users\AmolGhanekar\AppData\Local\Microsoft\WindowsApps;C:\Users\AmolGhanekar\AppData\Roaming\npm;C:\Program Files\Intel\WiFi\bin\;C:\Program Files\Common Files\Intel\WirelessCommon\;C:\Users\AmolGhanekar\AppData\Local\Microsoft\WindowsApps;C:\Amol\DOCS\WNS\fabric-samples\bin;C:\Program Files\JetBrains\IntelliJ IDEA Community Edition 2019.2.4\bin;;C:\Program Files\JetBrains\IntelliJ IDEA Community Edition 2019.2.4\plugins\maven\lib\maven3\bin;C:\Go\bin;C:\Users\AmolGhanekar\Downloads\vault_1.3.2_windows_amd64;C:\Users\AmolGhanekar\AppData\Roaming\nvm;C:\Program Files\nodejs
USERNAME=AmolGhanekar
OS=Windows_NT
PROCESSOR_IDENTIFIER=Intel64 Family 6 Model 78 Stepping 3, GenuineIntel



---------------  S Y S T E M  ---------------

OS: Windows 10 , 64 bit Build 18362 (10.0.18362.959)

CPU:total 4 (initial active 4) (2 cores per cpu, 2 threads per core) family 6 model 78 stepping 3, cmov, cx8, fxsr, mmx, sse, sse2, sse3, ssse3, sse4.1, sse4.2, popcnt, avx, avx2, aes, clmul, erms, rtm, 3dnowpref, lzcnt, ht, tsc, tscinvbit, bmi1, bmi2, adx, fma

Memory: 4k page, system-wide physical 8047M (817M free)
TotalPageFile size 32623M (AvailPageFile size 72M)
current process WorkingSet (physical memory assigned to process): 9M, peak: 9M
current process commit charge ("private bytes"): 49M, peak: 175M

vm_info: Java HotSpot(TM) 64-Bit Server VM (11.0.5+10-LTS) for windows-amd64 JRE (11.0.5+10-LTS), built on Oct  6 2019 12:37:14 by "mach5one" with MS VC++ 15.5 (VS2017)

END.
